<?xml version="1.0" encoding="UTF-8"?>
<robot generator="Robot 7.2.2 (Python 3.12.3 on win32)" generated="2025-04-16T15:38:47.992506" rpa="false" schemaversion="5">
<suite id="s1" name="Api Testing Usuarios" source="c:\Users\Jean\RobotAPI\tests\api_testing_usuarios.robot">
<test id="s1-t1" name="Cenário 01: Cadastrar um novo usuário com sucesso na ServeRest" line="9">
<kw name="Criar um usuário novo" owner="api_testing_usuarios">
<kw name="Generate Random String" owner="String">
<msg time="2025-04-16T15:38:48.533448" level="INFO">${palavra_aleatoria} = EyjW</msg>
<var>${palavra_aleatoria}</var>
<arg>length=4</arg>
<arg>chars=[LETTERS]</arg>
<doc>Generates a string with a desired ``length`` from the given ``chars``.</doc>
<status status="PASS" start="2025-04-16T15:38:48.533448" elapsed="0.002985"/>
</kw>
<kw name="Convert To Lower Case" owner="String">
<msg time="2025-04-16T15:38:48.537432" level="INFO">${palavra_aleatoria} = eyjw</msg>
<var>${palavra_aleatoria}</var>
<arg>${palavra_aleatoria}</arg>
<doc>Converts string to lower case.</doc>
<status status="PASS" start="2025-04-16T15:38:48.536433" elapsed="0.000999"/>
</kw>
<kw name="Set Test Variable" owner="BuiltIn">
<msg time="2025-04-16T15:38:48.538431" level="INFO">${EMAIL_TEST} = eyjw@emailteste.com</msg>
<arg>${EMAIL_TEST}</arg>
<arg>${palavra_aleatoria}@emailteste.com</arg>
<doc>Makes a variable available everywhere within the scope of the current test.</doc>
<status status="PASS" start="2025-04-16T15:38:48.537432" elapsed="0.000999"/>
</kw>
<kw name="Log" owner="BuiltIn">
<msg time="2025-04-16T15:38:48.539431" level="INFO">eyjw@emailteste.com</msg>
<arg>${EMAIL_TEST}</arg>
<doc>Logs the given message with the given level.</doc>
<status status="PASS" start="2025-04-16T15:38:48.538431" elapsed="0.001000"/>
</kw>
<status status="PASS" start="2025-04-16T15:38:48.532448" elapsed="0.006983"/>
</kw>
<status status="PASS" start="2025-04-16T15:38:48.531447" elapsed="0.008983"/>
</test>
<status status="PASS" start="2025-04-16T15:38:47.998514" elapsed="0.543916"/>
</suite>
<statistics>
<total>
<stat pass="1" fail="0" skip="0">All Tests</stat>
</total>
<tag>
</tag>
<suite>
<stat name="Api Testing Usuarios" id="s1" pass="1" fail="0" skip="0">Api Testing Usuarios</stat>
</suite>
</statistics>
<errors>
</errors>
</robot>
